<?xml version="1.0" encoding="UTF-8" ?>
<!DOCTYPE sqlMap PUBLIC "-//iBATIS.com//DTD SQL Map 2.0//EN" "http://www.ibatis.com/dtd/sql-map-2.dtd">

<!-- ==========================================================  -->
<!-- Configuration for ibatis sqlmap mapping.                    -->
<!-- ==========================================================  -->

<!-- ============================================================================= -->
<!-- This file is generated by <tt>specialmer-dalgen</tt>, a DAL (Data Access Layer)  -->
<!-- code generation utility specially developed for <tt>rent</tt> project.     -->
<!--                                                                               -->
<!-- PLEASE DO NOT MODIFY THIS FILE MANUALLY, or else your modification may be     -->
<!-- OVERWRITTEN by someone else. To modify the file, you should go to directory   -->
<!-- <tt>(project-home)/biz/dal/src/conf/dalgen</tt>, and find the corresponding   -->
<!-- configuration files. Modify those files according to your needs, then run     -->
<!-- <tt>specialmer-dalgen</tt> to generate this file.                                -->
<!--                                                                               -->
<!-- @author peigen                                                             -->
<!-- ============================================================================= -->

<sqlMap namespace="specialmer">
    <!-- ============================================= -->
    <!-- RESULT MAPS                                   -->
    <!-- ============================================= -->

    <!-- result maps for database table test -->
    <resultMap id="RM-TEST" class="com.cl.dal.dataobject.TestDO">
        <result property="id" column="id" javaType="long" jdbcType="BIGINT" nullValue="0"/>
        <result property="name" column="name" javaType="java.lang.String" jdbcType="VARCHAR"/>
        <result property="rawAddTime" column="raw_add_time" javaType="java.util.Date" jdbcType="TIMESTAMP"/>
        <result property="rawUpdateTime" column="raw_update_time" javaType="java.util.Date" jdbcType="TIMESTAMP"/>
    </resultMap>


    <!-- ============================================= -->
    <!-- mapped statements for IbatisTestDAO -->
    <!-- ============================================= -->
    <!-- mapped statement for IbatisTestDAO.insert -->
    <insert id="MS-TEST-INSERT">
    <![CDATA[
        insert /*MS-CLH-TEST-INSERT*/ into test(id,name,raw_add_time) values (#id#, #name#, #rawAddTime#)
    ]]>
    </insert>

</sqlMap>
